{"$message_type":"diagnostic","message":"The default runtime flavor is `multi_thread`, but the `rt-multi-thread` feature is disabled.","code":null,"level":"error","spans":[{"file_name":"src/main.rs","byte_start":8311,"byte_end":8325,"line_start":264,"line_end":264,"column_start":1,"column_end":15,"is_primary":true,"text":[{"text":"#[tokio::main]","highlight_start":1,"highlight_end":15}],"label":null,"suggested_replacement":null,"suggestion_applicability":null,"expansion":{"span":{"file_name":"src/main.rs","byte_start":8311,"byte_end":8325,"line_start":264,"line_end":264,"column_start":1,"column_end":15,"is_primary":false,"text":[{"text":"#[tokio::main]","highlight_start":1,"highlight_end":15}],"label":null,"suggested_replacement":null,"suggestion_applicability":null,"expansion":null},"macro_decl_name":"#[tokio::main]","def_site_span":{"file_name":"/Users/young/.cargo/registry/src/index.crates.io-1949cf8c6b5b557f/tokio-macros-2.6.0/src/lib.rs","byte_start":9622,"byte_end":9689,"line_start":370,"line_end":370,"column_start":1,"column_end":68,"is_primary":false,"text":[{"text":"pub fn main_rt(args: TokenStream, item: TokenStream) -> TokenStream {","highlight_start":1,"highlight_end":68}],"label":null,"suggested_replacement":null,"suggestion_applicability":null,"expansion":null}}}],"children":[],"rendered":"\u001b[1m\u001b[91merror\u001b[0m\u001b[1m: The default runtime flavor is `multi_thread`, but the `rt-multi-thread` feature is disabled.\u001b[0m\n   \u001b[1m\u001b[94m--> \u001b[0msrc/main.rs:264:1\n    \u001b[1m\u001b[94m|\u001b[0m\n\u001b[1m\u001b[94m264\u001b[0m \u001b[1m\u001b[94m|\u001b[0m #[tokio::main]\n    \u001b[1m\u001b[94m|\u001b[0m \u001b[1m\u001b[91m^^^^^^^^^^^^^^\u001b[0m\n    \u001b[1m\u001b[94m|\u001b[0m\n    \u001b[1m\u001b[94m= \u001b[0m\u001b[1mnote\u001b[0m: this error originates in the attribute macro `tokio::main` (in Nightly builds, run with -Z macro-backtrace for more info)\n\n"}
{"$message_type":"diagnostic","message":"unused import: `bytes::Bytes`","code":{"code":"unused_imports","explanation":null},"level":"warning","spans":[{"file_name":"src/main.rs","byte_start":4,"byte_end":16,"line_start":1,"line_end":1,"column_start":5,"column_end":17,"is_primary":true,"text":[{"text":"use bytes::Bytes;","highlight_start":5,"highlight_end":17}],"label":null,"suggested_replacement":null,"suggestion_applicability":null,"expansion":null}],"children":[{"message":"`#[warn(unused_imports)]` (part of `#[warn(unused)]`) on by default","code":null,"level":"note","spans":[],"children":[],"rendered":null},{"message":"remove the whole `use` item","code":null,"level":"help","spans":[{"file_name":"src/main.rs","byte_start":0,"byte_end":18,"line_start":1,"line_end":2,"column_start":1,"column_end":1,"is_primary":true,"text":[{"text":"use bytes::Bytes;","highlight_start":1,"highlight_end":18},{"text":"use futures_util::TryStreamExt;","highlight_start":1,"highlight_end":1}],"label":null,"suggested_replacement":"","suggestion_applicability":"MachineApplicable","expansion":null}],"children":[],"rendered":null}],"rendered":"\u001b[1m\u001b[33mwarning\u001b[0m\u001b[1m: unused import: `bytes::Bytes`\u001b[0m\n \u001b[1m\u001b[94m--> \u001b[0msrc/main.rs:1:5\n  \u001b[1m\u001b[94m|\u001b[0m\n\u001b[1m\u001b[94m1\u001b[0m \u001b[1m\u001b[94m|\u001b[0m use bytes::Bytes;\n  \u001b[1m\u001b[94m|\u001b[0m     \u001b[1m\u001b[33m^^^^^^^^^^^^\u001b[0m\n  \u001b[1m\u001b[94m|\u001b[0m\n  \u001b[1m\u001b[94m= \u001b[0m\u001b[1mnote\u001b[0m: `#[warn(unused_imports)]` (part of `#[warn(unused)]`) on by default\n\n"}
{"$message_type":"diagnostic","message":"mismatched types","code":{"code":"E0308","explanation":"Expected type did not match the received type.\n\nErroneous code examples:\n\n```compile_fail,E0308\nfn plus_one(x: i32) -> i32 {\n    x + 1\n}\n\nplus_one(\"Not a number\");\n//       ^^^^^^^^^^^^^^ expected `i32`, found `&str`\n\nif \"Not a bool\" {\n// ^^^^^^^^^^^^ expected `bool`, found `&str`\n}\n\nlet x: f32 = \"Not a float\";\n//     ---   ^^^^^^^^^^^^^ expected `f32`, found `&str`\n//     |\n//     expected due to this\n```\n\nThis error occurs when an expression was used in a place where the compiler\nexpected an expression of a different type. It can occur in several cases, the\nmost common being when calling a function and passing an argument which has a\ndifferent type than the matching type in the function declaration.\n"},"level":"error","spans":[{"file_name":"src/main.rs","byte_start":5920,"byte_end":5938,"line_start":181,"line_end":181,"column_start":15,"column_end":33,"is_primary":true,"text":[{"text":"    while let Some(field_result) = field_stream.try_next().await {","highlight_start":15,"highlight_end":33}],"label":"expected `Result<Option<Part>, Error>`, found `Option<_>`","suggested_replacement":null,"suggestion_applicability":null,"expansion":null},{"file_name":"src/main.rs","byte_start":5941,"byte_end":5970,"line_start":181,"line_end":181,"column_start":36,"column_end":65,"is_primary":false,"text":[{"text":"    while let Some(field_result) = field_stream.try_next().await {","highlight_start":36,"highlight_end":65}],"label":"this expression has type `Result<std::option::Option<warp::multipart::Part>, warp::Error>`","suggested_replacement":null,"suggestion_applicability":null,"expansion":null}],"children":[{"message":"expected enum `Result<std::option::Option<warp::multipart::Part>, warp::Error>`\n   found enum `std::option::Option<_>`","code":null,"level":"note","spans":[],"children":[],"rendered":null},{"message":"try wrapping the pattern in `Ok`","code":null,"level":"help","spans":[{"file_name":"src/main.rs","byte_start":5920,"byte_end":5920,"line_start":181,"line_end":181,"column_start":15,"column_end":15,"is_primary":true,"text":[{"text":"    while let Some(field_result) = field_stream.try_next().await {","highlight_start":15,"highlight_end":15}],"label":null,"suggested_replacement":"Ok(","suggestion_applicability":"MaybeIncorrect","expansion":null},{"file_name":"src/main.rs","byte_start":5938,"byte_end":5938,"line_start":181,"line_end":181,"column_start":33,"column_end":33,"is_primary":true,"text":[{"text":"    while let Some(field_result) = field_stream.try_next().await {","highlight_start":33,"highlight_end":33}],"label":null,"suggested_replacement":")","suggestion_applicability":"MaybeIncorrect","expansion":null}],"children":[],"rendered":null}],"rendered":"\u001b[1m\u001b[91merror[E0308]\u001b[0m\u001b[1m: mismatched types\u001b[0m\n   \u001b[1m\u001b[94m--> \u001b[0msrc/main.rs:181:15\n    \u001b[1m\u001b[94m|\u001b[0m\n\u001b[1m\u001b[94m181\u001b[0m \u001b[1m\u001b[94m|\u001b[0m     while let Some(field_result) = field_stream.try_next().await {\n    \u001b[1m\u001b[94m|\u001b[0m               \u001b[1m\u001b[91m^^^^^^^^^^^^^^^^^^\u001b[0m   \u001b[1m\u001b[94m-----------------------------\u001b[0m \u001b[1m\u001b[94mthis expression has type `Result<std::option::Option<warp::multipart::Part>, warp::Error>`\u001b[0m\n    \u001b[1m\u001b[94m|\u001b[0m               \u001b[1m\u001b[91m|\u001b[0m\n    \u001b[1m\u001b[94m|\u001b[0m               \u001b[1m\u001b[91mexpected `Result<Option<Part>, Error>`, found `Option<_>`\u001b[0m\n    \u001b[1m\u001b[94m|\u001b[0m\n    \u001b[1m\u001b[94m= \u001b[0m\u001b[1mnote\u001b[0m: expected enum `\u001b[1m\u001b[35mResult<\u001b[0mstd::option::Option<\u001b[1m\u001b[35mwarp::multipart::Part\u001b[0m>, \u001b[1m\u001b[35mwarp::Error>\u001b[0m`\n               found enum `std::option::Option<\u001b[1m\u001b[35m_\u001b[0m>`\n\u001b[1m\u001b[96mhelp\u001b[0m: try wrapping the pattern in `Ok`\n    \u001b[1m\u001b[94m|\u001b[0m\n\u001b[1m\u001b[94m181\u001b[0m \u001b[1m\u001b[94m| \u001b[0m    while let \u001b[92mOk(\u001b[0mSome(field_result)\u001b[92m)\u001b[0m = field_stream.try_next().await {\n    \u001b[1m\u001b[94m|\u001b[0m               \u001b[92m+++\u001b[0m                  \u001b[92m+\u001b[0m\n\n"}
{"$message_type":"diagnostic","message":"type annotations needed","code":{"code":"E0282","explanation":"The compiler could not infer a type and asked for a type annotation.\n\nErroneous code example:\n\n```compile_fail,E0282\nlet x = Vec::new();\n```\n\nThis error indicates that type inference did not result in one unique possible\ntype, and extra information is required. In most cases this can be provided\nby adding a type annotation. Sometimes you need to specify a generic type\nparameter manually.\n\nIn the example above, type `Vec` has a type parameter `T`. When calling\n`Vec::new`, barring any other later usage of the variable `x` that allows the\ncompiler to infer what type `T` is, the compiler needs to be told what it is.\n\nThe type can be specified on the variable:\n\n```\nlet x: Vec<i32> = Vec::new();\n```\n\nThe type can also be specified in the path of the expression:\n\n```\nlet x = Vec::<i32>::new();\n```\n\nIn cases with more complex types, it is not necessary to annotate the full\ntype. Once the ambiguity is resolved, the compiler can infer the rest:\n\n```\nlet x: Vec<_> = \"hello\".chars().rev().collect();\n```\n\nAnother way to provide the compiler with enough information, is to specify the\ngeneric type parameter:\n\n```\nlet x = \"hello\".chars().rev().collect::<Vec<char>>();\n```\n\nAgain, you need not specify the full type if the compiler can infer it:\n\n```\nlet x = \"hello\".chars().rev().collect::<Vec<_>>();\n```\n\nApart from a method or function with a generic type parameter, this error can\noccur when a type parameter of a struct or trait cannot be inferred. In that\ncase it is not always possible to use a type annotation, because all candidates\nhave the same return type. For instance:\n\n```compile_fail,E0282\nstruct Foo<T> {\n    num: T,\n}\n\nimpl<T> Foo<T> {\n    fn bar() -> i32 {\n        0\n    }\n\n    fn baz() {\n        let number = Foo::bar();\n    }\n}\n```\n\nThis will fail because the compiler does not know which instance of `Foo` to\ncall `bar` on. Change `Foo::bar()` to `Foo::<T>::bar()` to resolve the error.\n"},"level":"error","spans":[{"file_name":"src/main.rs","byte_start":6080,"byte_end":6085,"line_start":184,"line_end":184,"column_start":48,"column_end":53,"is_primary":true,"text":[{"text":"                while let Some(chunk_result) = field.try_next().await {","highlight_start":48,"highlight_end":53}],"label":"cannot infer type","suggested_replacement":null,"suggestion_applicability":null,"expansion":null}],"children":[],"rendered":"\u001b[1m\u001b[91merror[E0282]\u001b[0m\u001b[1m: type annotations needed\u001b[0m\n   \u001b[1m\u001b[94m--> \u001b[0msrc/main.rs:184:48\n    \u001b[1m\u001b[94m|\u001b[0m\n\u001b[1m\u001b[94m184\u001b[0m \u001b[1m\u001b[94m|\u001b[0m                 while let Some(chunk_result) = field.try_next().await {\n    \u001b[1m\u001b[94m|\u001b[0m                                                \u001b[1m\u001b[91m^^^^^\u001b[0m \u001b[1m\u001b[91mcannot infer type\u001b[0m\n\n"}
{"$message_type":"diagnostic","message":"the size for values of type `[_]` cannot be known at compilation time","code":{"code":"E0277","explanation":"You tried to use a type which doesn't implement some trait in a place which\nexpected that trait.\n\nErroneous code example:\n\n```compile_fail,E0277\n// here we declare the Foo trait with a bar method\ntrait Foo {\n    fn bar(&self);\n}\n\n// we now declare a function which takes an object implementing the Foo trait\nfn some_func<T: Foo>(foo: T) {\n    foo.bar();\n}\n\nfn main() {\n    // we now call the method with the i32 type, which doesn't implement\n    // the Foo trait\n    some_func(5i32); // error: the trait bound `i32 : Foo` is not satisfied\n}\n```\n\nIn order to fix this error, verify that the type you're using does implement\nthe trait. Example:\n\n```\ntrait Foo {\n    fn bar(&self);\n}\n\n// we implement the trait on the i32 type\nimpl Foo for i32 {\n    fn bar(&self) {}\n}\n\nfn some_func<T: Foo>(foo: T) {\n    foo.bar(); // we can now use this method since i32 implements the\n               // Foo trait\n}\n\nfn main() {\n    some_func(5i32); // ok!\n}\n```\n\nOr in a generic context, an erroneous code example would look like:\n\n```compile_fail,E0277\nfn some_func<T>(foo: T) {\n    println!(\"{:?}\", foo); // error: the trait `core::fmt::Debug` is not\n                           //        implemented for the type `T`\n}\n\nfn main() {\n    // We now call the method with the i32 type,\n    // which *does* implement the Debug trait.\n    some_func(5i32);\n}\n```\n\nNote that the error here is in the definition of the generic function. Although\nwe only call it with a parameter that does implement `Debug`, the compiler\nstill rejects the function. It must work with all possible input types. In\norder to make this example compile, we need to restrict the generic type we're\naccepting:\n\n```\nuse std::fmt;\n\n// Restrict the input type to types that implement Debug.\nfn some_func<T: fmt::Debug>(foo: T) {\n    println!(\"{:?}\", foo);\n}\n\nfn main() {\n    // Calling the method is still fine, as i32 implements Debug.\n    some_func(5i32);\n\n    // This would fail to compile now:\n    // struct WithoutDebug;\n    // some_func(WithoutDebug);\n}\n```\n\nRust only looks at the signature of the called function, as such it must\nalready specify all requirements that will be used for every type parameter.\n"},"level":"error","spans":[{"file_name":"src/main.rs","byte_start":6173,"byte_end":6178,"line_start":186,"line_end":186,"column_start":28,"column_end":33,"is_primary":true,"text":[{"text":"                        Ok(chunk) => {","highlight_start":28,"highlight_end":33}],"label":"doesn't have a size known at compile-time","suggested_replacement":null,"suggestion_applicability":null,"expansion":null}],"children":[{"message":"the trait `Sized` is not implemented for `[_]`","code":null,"level":"help","spans":[],"children":[],"rendered":null},{"message":"all local variables must have a statically known size","code":null,"level":"note","spans":[],"children":[],"rendered":null}],"rendered":"\u001b[1m\u001b[91merror[E0277]\u001b[0m\u001b[1m: the size for values of type `[_]` cannot be known at compilation time\u001b[0m\n   \u001b[1m\u001b[94m--> \u001b[0msrc/main.rs:186:28\n    \u001b[1m\u001b[94m|\u001b[0m\n\u001b[1m\u001b[94m186\u001b[0m \u001b[1m\u001b[94m|\u001b[0m                         Ok(chunk) => {\n    \u001b[1m\u001b[94m|\u001b[0m                            \u001b[1m\u001b[91m^^^^^\u001b[0m \u001b[1m\u001b[91mdoesn't have a size known at compile-time\u001b[0m\n    \u001b[1m\u001b[94m|\u001b[0m\n    \u001b[1m\u001b[94m= \u001b[0m\u001b[1mhelp\u001b[0m: the trait `Sized` is not implemented for `[_]`\n    \u001b[1m\u001b[94m= \u001b[0m\u001b[1mnote\u001b[0m: all local variables must have a statically known size\n\n"}
{"$message_type":"diagnostic","message":"the size for values of type `[_]` cannot be known at compilation time","code":{"code":"E0277","explanation":"You tried to use a type which doesn't implement some trait in a place which\nexpected that trait.\n\nErroneous code example:\n\n```compile_fail,E0277\n// here we declare the Foo trait with a bar method\ntrait Foo {\n    fn bar(&self);\n}\n\n// we now declare a function which takes an object implementing the Foo trait\nfn some_func<T: Foo>(foo: T) {\n    foo.bar();\n}\n\nfn main() {\n    // we now call the method with the i32 type, which doesn't implement\n    // the Foo trait\n    some_func(5i32); // error: the trait bound `i32 : Foo` is not satisfied\n}\n```\n\nIn order to fix this error, verify that the type you're using does implement\nthe trait. Example:\n\n```\ntrait Foo {\n    fn bar(&self);\n}\n\n// we implement the trait on the i32 type\nimpl Foo for i32 {\n    fn bar(&self) {}\n}\n\nfn some_func<T: Foo>(foo: T) {\n    foo.bar(); // we can now use this method since i32 implements the\n               // Foo trait\n}\n\nfn main() {\n    some_func(5i32); // ok!\n}\n```\n\nOr in a generic context, an erroneous code example would look like:\n\n```compile_fail,E0277\nfn some_func<T>(foo: T) {\n    println!(\"{:?}\", foo); // error: the trait `core::fmt::Debug` is not\n                           //        implemented for the type `T`\n}\n\nfn main() {\n    // We now call the method with the i32 type,\n    // which *does* implement the Debug trait.\n    some_func(5i32);\n}\n```\n\nNote that the error here is in the definition of the generic function. Although\nwe only call it with a parameter that does implement `Debug`, the compiler\nstill rejects the function. It must work with all possible input types. In\norder to make this example compile, we need to restrict the generic type we're\naccepting:\n\n```\nuse std::fmt;\n\n// Restrict the input type to types that implement Debug.\nfn some_func<T: fmt::Debug>(foo: T) {\n    println!(\"{:?}\", foo);\n}\n\nfn main() {\n    // Calling the method is still fine, as i32 implements Debug.\n    some_func(5i32);\n\n    // This would fail to compile now:\n    // struct WithoutDebug;\n    // some_func(WithoutDebug);\n}\n```\n\nRust only looks at the signature of the called function, as such it must\nalready specify all requirements that will be used for every type parameter.\n"},"level":"error","spans":[{"file_name":"src/main.rs","byte_start":6170,"byte_end":6179,"line_start":186,"line_end":186,"column_start":25,"column_end":34,"is_primary":true,"text":[{"text":"                        Ok(chunk) => {","highlight_start":25,"highlight_end":34}],"label":"doesn't have a size known at compile-time","suggested_replacement":null,"suggestion_applicability":null,"expansion":null}],"children":[{"message":"the trait `Sized` is not implemented for `[_]`","code":null,"level":"help","spans":[],"children":[],"rendered":null},{"message":"required by a bound in `Ok`","code":null,"level":"note","spans":[{"file_name":"/rustc/254b59607d4417e9dffbc307138ae5c86280fe4c/library/core/src/result.rs","byte_start":21353,"byte_end":21355,"line_start":561,"line_end":561,"column_start":5,"column_end":7,"is_primary":true,"text":[],"label":null,"suggested_replacement":null,"suggestion_applicability":null,"expansion":null}],"children":[],"rendered":null}],"rendered":"\u001b[1m\u001b[91merror[E0277]\u001b[0m\u001b[1m: the size for values of type `[_]` cannot be known at compilation time\u001b[0m\n   \u001b[1m\u001b[94m--> \u001b[0msrc/main.rs:186:25\n    \u001b[1m\u001b[94m|\u001b[0m\n\u001b[1m\u001b[94m186\u001b[0m \u001b[1m\u001b[94m|\u001b[0m                         Ok(chunk) => {\n    \u001b[1m\u001b[94m|\u001b[0m                         \u001b[1m\u001b[91m^^^^^^^^^\u001b[0m \u001b[1m\u001b[91mdoesn't have a size known at compile-time\u001b[0m\n    \u001b[1m\u001b[94m|\u001b[0m\n    \u001b[1m\u001b[94m= \u001b[0m\u001b[1mhelp\u001b[0m: the trait `Sized` is not implemented for `[_]`\n\u001b[1m\u001b[92mnote\u001b[0m: required by a bound in `Ok`\n   \u001b[1m\u001b[94m--> \u001b[0m/rustc/254b59607d4417e9dffbc307138ae5c86280fe4c/library/core/src/result.rs:561:5\n\n"}
{"$message_type":"diagnostic","message":"the size for values of type `[_]` cannot be known at compilation time","code":{"code":"E0277","explanation":"You tried to use a type which doesn't implement some trait in a place which\nexpected that trait.\n\nErroneous code example:\n\n```compile_fail,E0277\n// here we declare the Foo trait with a bar method\ntrait Foo {\n    fn bar(&self);\n}\n\n// we now declare a function which takes an object implementing the Foo trait\nfn some_func<T: Foo>(foo: T) {\n    foo.bar();\n}\n\nfn main() {\n    // we now call the method with the i32 type, which doesn't implement\n    // the Foo trait\n    some_func(5i32); // error: the trait bound `i32 : Foo` is not satisfied\n}\n```\n\nIn order to fix this error, verify that the type you're using does implement\nthe trait. Example:\n\n```\ntrait Foo {\n    fn bar(&self);\n}\n\n// we implement the trait on the i32 type\nimpl Foo for i32 {\n    fn bar(&self) {}\n}\n\nfn some_func<T: Foo>(foo: T) {\n    foo.bar(); // we can now use this method since i32 implements the\n               // Foo trait\n}\n\nfn main() {\n    some_func(5i32); // ok!\n}\n```\n\nOr in a generic context, an erroneous code example would look like:\n\n```compile_fail,E0277\nfn some_func<T>(foo: T) {\n    println!(\"{:?}\", foo); // error: the trait `core::fmt::Debug` is not\n                           //        implemented for the type `T`\n}\n\nfn main() {\n    // We now call the method with the i32 type,\n    // which *does* implement the Debug trait.\n    some_func(5i32);\n}\n```\n\nNote that the error here is in the definition of the generic function. Although\nwe only call it with a parameter that does implement `Debug`, the compiler\nstill rejects the function. It must work with all possible input types. In\norder to make this example compile, we need to restrict the generic type we're\naccepting:\n\n```\nuse std::fmt;\n\n// Restrict the input type to types that implement Debug.\nfn some_func<T: fmt::Debug>(foo: T) {\n    println!(\"{:?}\", foo);\n}\n\nfn main() {\n    // Calling the method is still fine, as i32 implements Debug.\n    some_func(5i32);\n\n    // This would fail to compile now:\n    // struct WithoutDebug;\n    // some_func(WithoutDebug);\n}\n```\n\nRust only looks at the signature of the called function, as such it must\nalready specify all requirements that will be used for every type parameter.\n"},"level":"error","spans":[{"file_name":"src/main.rs","byte_start":6301,"byte_end":6307,"line_start":189,"line_end":189,"column_start":25,"column_end":31,"is_primary":true,"text":[{"text":"                        Err(_) => return Err(warp::reject::custom(MultipartError)),","highlight_start":25,"highlight_end":31}],"label":"doesn't have a size known at compile-time","suggested_replacement":null,"suggestion_applicability":null,"expansion":null}],"children":[{"message":"the trait `Sized` is not implemented for `[_]`","code":null,"level":"help","spans":[],"children":[],"rendered":null},{"message":"required by a bound in `Err`","code":null,"level":"note","spans":[{"file_name":"/rustc/254b59607d4417e9dffbc307138ae5c86280fe4c/library/core/src/result.rs","byte_start":21514,"byte_end":21517,"line_start":566,"line_end":566,"column_start":5,"column_end":8,"is_primary":true,"text":[],"label":null,"suggested_replacement":null,"suggestion_applicability":null,"expansion":null}],"children":[],"rendered":null}],"rendered":"\u001b[1m\u001b[91merror[E0277]\u001b[0m\u001b[1m: the size for values of type `[_]` cannot be known at compilation time\u001b[0m\n   \u001b[1m\u001b[94m--> \u001b[0msrc/main.rs:189:25\n    \u001b[1m\u001b[94m|\u001b[0m\n\u001b[1m\u001b[94m189\u001b[0m \u001b[1m\u001b[94m|\u001b[0m                         Err(_) => return Err(warp::reject::custom(MultipartError)),\n    \u001b[1m\u001b[94m|\u001b[0m                         \u001b[1m\u001b[91m^^^^^^\u001b[0m \u001b[1m\u001b[91mdoesn't have a size known at compile-time\u001b[0m\n    \u001b[1m\u001b[94m|\u001b[0m\n    \u001b[1m\u001b[94m= \u001b[0m\u001b[1mhelp\u001b[0m: the trait `Sized` is not implemented for `[_]`\n\u001b[1m\u001b[92mnote\u001b[0m: required by a bound in `Err`\n   \u001b[1m\u001b[94m--> \u001b[0m/rustc/254b59607d4417e9dffbc307138ae5c86280fe4c/library/core/src/result.rs:566:5\n\n"}
{"$message_type":"diagnostic","message":"the size for values of type `[_]` cannot be known at compilation time","code":{"code":"E0277","explanation":"You tried to use a type which doesn't implement some trait in a place which\nexpected that trait.\n\nErroneous code example:\n\n```compile_fail,E0277\n// here we declare the Foo trait with a bar method\ntrait Foo {\n    fn bar(&self);\n}\n\n// we now declare a function which takes an object implementing the Foo trait\nfn some_func<T: Foo>(foo: T) {\n    foo.bar();\n}\n\nfn main() {\n    // we now call the method with the i32 type, which doesn't implement\n    // the Foo trait\n    some_func(5i32); // error: the trait bound `i32 : Foo` is not satisfied\n}\n```\n\nIn order to fix this error, verify that the type you're using does implement\nthe trait. Example:\n\n```\ntrait Foo {\n    fn bar(&self);\n}\n\n// we implement the trait on the i32 type\nimpl Foo for i32 {\n    fn bar(&self) {}\n}\n\nfn some_func<T: Foo>(foo: T) {\n    foo.bar(); // we can now use this method since i32 implements the\n               // Foo trait\n}\n\nfn main() {\n    some_func(5i32); // ok!\n}\n```\n\nOr in a generic context, an erroneous code example would look like:\n\n```compile_fail,E0277\nfn some_func<T>(foo: T) {\n    println!(\"{:?}\", foo); // error: the trait `core::fmt::Debug` is not\n                           //        implemented for the type `T`\n}\n\nfn main() {\n    // We now call the method with the i32 type,\n    // which *does* implement the Debug trait.\n    some_func(5i32);\n}\n```\n\nNote that the error here is in the definition of the generic function. Although\nwe only call it with a parameter that does implement `Debug`, the compiler\nstill rejects the function. It must work with all possible input types. In\norder to make this example compile, we need to restrict the generic type we're\naccepting:\n\n```\nuse std::fmt;\n\n// Restrict the input type to types that implement Debug.\nfn some_func<T: fmt::Debug>(foo: T) {\n    println!(\"{:?}\", foo);\n}\n\nfn main() {\n    // Calling the method is still fine, as i32 implements Debug.\n    some_func(5i32);\n\n    // This would fail to compile now:\n    // struct WithoutDebug;\n    // some_func(WithoutDebug);\n}\n```\n\nRust only looks at the signature of the called function, as such it must\nalready specify all requirements that will be used for every type parameter.\n"},"level":"error","spans":[{"file_name":"src/main.rs","byte_start":6097,"byte_end":6102,"line_start":184,"line_end":184,"column_start":65,"column_end":70,"is_primary":true,"text":[{"text":"                while let Some(chunk_result) = field.try_next().await {","highlight_start":65,"highlight_end":70}],"label":"doesn't have a size known at compile-time","suggested_replacement":null,"suggestion_applicability":null,"expansion":{"span":{"file_name":"src/main.rs","byte_start":6097,"byte_end":6102,"line_start":184,"line_end":184,"column_start":65,"column_end":70,"is_primary":false,"text":[{"text":"                while let Some(chunk_result) = field.try_next().await {","highlight_start":65,"highlight_end":70}],"label":null,"suggested_replacement":null,"suggestion_applicability":null,"expansion":null},"macro_decl_name":"desugaring of `await` expression","def_site_span":{"file_name":"src/main.rs","byte_start":0,"byte_end":0,"line_start":1,"line_end":1,"column_start":1,"column_end":1,"is_primary":false,"text":[],"label":null,"suggested_replacement":null,"suggestion_applicability":null,"expansion":null}}}],"children":[{"message":"the trait `Sized` is not implemented for `[_]`","code":null,"level":"help","spans":[],"children":[],"rendered":null},{"message":"required by an implicit `Sized` bound in `Result`","code":null,"level":"note","spans":[{"file_name":"/rustc/254b59607d4417e9dffbc307138ae5c86280fe4c/library/core/src/result.rs","byte_start":21221,"byte_end":21242,"line_start":557,"line_end":557,"column_start":1,"column_end":22,"is_primary":true,"text":[],"label":null,"suggested_replacement":null,"suggestion_applicability":null,"expansion":null}],"children":[],"rendered":null}],"rendered":"\u001b[1m\u001b[91merror[E0277]\u001b[0m\u001b[1m: the size for values of type `[_]` cannot be known at compilation time\u001b[0m\n   \u001b[1m\u001b[94m--> \u001b[0msrc/main.rs:184:65\n    \u001b[1m\u001b[94m|\u001b[0m\n\u001b[1m\u001b[94m184\u001b[0m \u001b[1m\u001b[94m|\u001b[0m                 while let Some(chunk_result) = field.try_next().await {\n    \u001b[1m\u001b[94m|\u001b[0m                                                                 \u001b[1m\u001b[91m^^^^^\u001b[0m \u001b[1m\u001b[91mdoesn't have a size known at compile-time\u001b[0m\n    \u001b[1m\u001b[94m|\u001b[0m\n    \u001b[1m\u001b[94m= \u001b[0m\u001b[1mhelp\u001b[0m: the trait `Sized` is not implemented for `[_]`\n\u001b[1m\u001b[92mnote\u001b[0m: required by an implicit `Sized` bound in `Result`\n   \u001b[1m\u001b[94m--> \u001b[0m/rustc/254b59607d4417e9dffbc307138ae5c86280fe4c/library/core/src/result.rs:557:1\n\n"}
{"$message_type":"diagnostic","message":"aborting due to 7 previous errors; 1 warning emitted","code":null,"level":"error","spans":[],"children":[],"rendered":"\u001b[1m\u001b[91merror\u001b[0m\u001b[1m: aborting due to 7 previous errors; 1 warning emitted\u001b[0m\n\n"}
{"$message_type":"diagnostic","message":"Some errors have detailed explanations: E0277, E0282, E0308.","code":null,"level":"failure-note","spans":[],"children":[],"rendered":"\u001b[1mSome errors have detailed explanations: E0277, E0282, E0308.\u001b[0m\n"}
{"$message_type":"diagnostic","message":"For more information about an error, try `rustc --explain E0277`.","code":null,"level":"failure-note","spans":[],"children":[],"rendered":"\u001b[1mFor more information about an error, try `rustc --explain E0277`.\u001b[0m\n"}
